This file contains any messages produced by compilers while
running configure, to aid debugging if configure makes a mistake.

It was created by configure, which was
generated by GNU Autoconf 2.69.  Invocation command line was

  $ ./configure --prefix=/usr/local --enable-static

## --------- ##
## Platform. ##
## --------- ##

hostname = ubuntu
uname -m = x86_64
uname -r = 4.15.0-112-generic
uname -s = Linux
uname -v = #113~16.04.1-Ubuntu SMP Fri Jul 10 04:37:08 UTC 2020

/usr/bin/uname -p = unknown
/bin/uname -X     = unknown

/bin/arch              = unknown
/usr/bin/arch -k       = unknown
/usr/convex/getsysinfo = unknown
/usr/bin/hostinfo      = unknown
/bin/machine           = unknown
/usr/bin/oslevel       = unknown
/bin/universe          = unknown

PATH: /usr/local/sbin
PATH: /usr/local/bin
PATH: /usr/sbin
PATH: /usr/bin
PATH: /sbin
PATH: /bin
PATH: /snap/bin


## ----------- ##
## Core tests. ##
## ----------- ##

configure:2182: checking build system type
configure:2196: result: x86_64-pc-linux-gnu
configure:2216: checking host system type
configure:2229: result: x86_64-pc-linux-gnu
configure:2249: checking target system type
configure:2262: result: x86_64-pc-linux-gnu
configure:2402: checking for gcc
configure:2418: found /usr/bin/gcc
configure:2429: result: gcc
configure:2658: checking for C compiler version
configure:2667: gcc --version >&5
gcc (Ubuntu 5.4.0-6ubuntu1~16.04.12) 5.4.0 20160609
Copyright (C) 2015 Free Software Foundation, Inc.
This is free software; see the source for copying conditions.  There is NO
warranty; not even for MERCHANTABILITY or FITNESS FOR A PARTICULAR PURPOSE.

configure:2678: $? = 0
configure:2667: gcc -v >&5
Using built-in specs.
COLLECT_GCC=gcc
COLLECT_LTO_WRAPPER=/usr/lib/gcc/x86_64-linux-gnu/5/lto-wrapper
Target: x86_64-linux-gnu
Configured with: ../src/configure -v --with-pkgversion='Ubuntu 5.4.0-6ubuntu1~16.04.12' --with-bugurl=file:///usr/share/doc/gcc-5/README.Bugs --enable-languages=c,ada,c++,java,go,d,fortran,objc,obj-c++ --prefix=/usr --program-suffix=-5 --enable-shared --enable-linker-build-id --libexecdir=/usr/lib --without-included-gettext --enable-threads=posix --libdir=/usr/lib --enable-nls --with-sysroot=/ --enable-clocale=gnu --enable-libstdcxx-debug --enable-libstdcxx-time=yes --with-default-libstdcxx-abi=new --enable-gnu-unique-object --disable-vtable-verify --enable-libmpx --enable-plugin --with-system-zlib --disable-browser-plugin --enable-java-awt=gtk --enable-gtk-cairo --with-java-home=/usr/lib/jvm/java-1.5.0-gcj-5-amd64/jre --enable-java-home --with-jvm-root-dir=/usr/lib/jvm/java-1.5.0-gcj-5-amd64 --with-jvm-jar-dir=/usr/lib/jvm-exports/java-1.5.0-gcj-5-amd64 --with-arch-directory=amd64 --with-ecj-jar=/usr/share/java/eclipse-ecj.jar --enable-objc-gc --enable-multiarch --disable-werror --with-arch-32=i686 --with-abi=m64 --with-multilib-list=m32,m64,mx32 --enable-multilib --with-tune=generic --enable-checking=release --build=x86_64-linux-gnu --host=x86_64-linux-gnu --target=x86_64-linux-gnu
Thread model: posix
gcc version 5.4.0 20160609 (Ubuntu 5.4.0-6ubuntu1~16.04.12) 
configure:2678: $? = 0
configure:2667: gcc -V >&5
gcc: error: unrecognized command line option '-V'
gcc: fatal error: no input files
compilation terminated.
configure:2678: $? = 1
configure:2667: gcc -qversion >&5
gcc: error: unrecognized command line option '-qversion'
gcc: fatal error: no input files
compilation terminated.
configure:2678: $? = 1
configure:2698: checking whether the C compiler works
configure:2720: gcc    conftest.c  >&5
configure:2724: $? = 0
configure:2772: result: yes
configure:2775: checking for C compiler default output file name
configure:2777: result: a.out
configure:2783: checking for suffix of executables
configure:2790: gcc -o conftest    conftest.c  >&5
configure:2794: $? = 0
configure:2816: result: 
configure:2838: checking whether we are cross compiling
configure:2846: gcc -o conftest    conftest.c  >&5
configure:2850: $? = 0
configure:2857: ./conftest
configure:2861: $? = 0
configure:2876: result: no
configure:2881: checking for suffix of object files
configure:2903: gcc -c   conftest.c >&5
configure:2907: $? = 0
configure:2928: result: o
configure:2932: checking whether we are using the GNU C compiler
configure:2951: gcc -c   conftest.c >&5
configure:2951: $? = 0
configure:2960: result: yes
configure:2969: checking whether gcc accepts -g
configure:2989: gcc -c -g  conftest.c >&5
configure:2989: $? = 0
configure:3030: result: yes
configure:3047: checking for gcc option to accept ISO C89
configure:3110: gcc  -c -g -O2  conftest.c >&5
configure:3110: $? = 0
configure:3123: result: none needed
configure:3149: checking how to run the C preprocessor
configure:3180: gcc -E  conftest.c
configure:3180: $? = 0
configure:3194: gcc -E  conftest.c
conftest.c:9:28: fatal error: ac_nonexistent.h: No such file or directory
compilation terminated.
configure:3194: $? = 1
configure: failed program was:
| /* confdefs.h */
| #define PACKAGE_NAME ""
| #define PACKAGE_TARNAME ""
| #define PACKAGE_VERSION ""
| #define PACKAGE_STRING ""
| #define PACKAGE_BUGREPORT ""
| #define PACKAGE_URL ""
| /* end confdefs.h.  */
| #include <ac_nonexistent.h>
configure:3219: result: gcc -E
configure:3239: gcc -E  conftest.c
configure:3239: $? = 0
configure:3253: gcc -E  conftest.c
conftest.c:9:28: fatal error: ac_nonexistent.h: No such file or directory
compilation terminated.
configure:3253: $? = 1
configure: failed program was:
| /* confdefs.h */
| #define PACKAGE_NAME ""
| #define PACKAGE_TARNAME ""
| #define PACKAGE_VERSION ""
| #define PACKAGE_STRING ""
| #define PACKAGE_BUGREPORT ""
| #define PACKAGE_URL ""
| /* end confdefs.h.  */
| #include <ac_nonexistent.h>
configure:3282: checking for grep that handles long lines and -e
configure:3340: result: /bin/grep
configure:3345: checking for egrep
configure:3407: result: /bin/grep -E
configure:3412: checking for ANSI C header files
configure:3432: gcc -c -g -O2  conftest.c >&5
configure:3432: $? = 0
configure:3505: gcc -o conftest -g -O2   conftest.c  >&5
configure:3505: $? = 0
configure:3505: ./conftest
configure:3505: $? = 0
configure:3516: result: yes
configure:3529: checking for sys/types.h
configure:3529: gcc -c -g -O2  conftest.c >&5
configure:3529: $? = 0
configure:3529: result: yes
configure:3529: checking for sys/stat.h
configure:3529: gcc -c -g -O2  conftest.c >&5
configure:3529: $? = 0
configure:3529: result: yes
configure:3529: checking for stdlib.h
configure:3529: gcc -c -g -O2  conftest.c >&5
configure:3529: $? = 0
configure:3529: result: yes
configure:3529: checking for string.h
configure:3529: gcc -c -g -O2  conftest.c >&5
configure:3529: $? = 0
configure:3529: result: yes
configure:3529: checking for memory.h
configure:3529: gcc -c -g -O2  conftest.c >&5
configure:3529: $? = 0
configure:3529: result: yes
configure:3529: checking for strings.h
configure:3529: gcc -c -g -O2  conftest.c >&5
configure:3529: $? = 0
configure:3529: result: yes
configure:3529: checking for inttypes.h
configure:3529: gcc -c -g -O2  conftest.c >&5
configure:3529: $? = 0
configure:3529: result: yes
configure:3529: checking for stdint.h
configure:3529: gcc -c -g -O2  conftest.c >&5
configure:3529: $? = 0
configure:3529: result: yes
configure:3529: checking for unistd.h
configure:3529: gcc -c -g -O2  conftest.c >&5
configure:3529: $? = 0
configure:3529: result: yes
configure:3818: checking for gcc
configure:3845: result: gcc
configure:4074: checking for C compiler version
configure:4083: gcc --version >&5
gcc (Ubuntu 5.4.0-6ubuntu1~16.04.12) 5.4.0 20160609
Copyright (C) 2015 Free Software Foundation, Inc.
This is free software; see the source for copying conditions.  There is NO
warranty; not even for MERCHANTABILITY or FITNESS FOR A PARTICULAR PURPOSE.

configure:4094: $? = 0
configure:4083: gcc -v >&5
Using built-in specs.
COLLECT_GCC=gcc
COLLECT_LTO_WRAPPER=/usr/lib/gcc/x86_64-linux-gnu/5/lto-wrapper
Target: x86_64-linux-gnu
Configured with: ../src/configure -v --with-pkgversion='Ubuntu 5.4.0-6ubuntu1~16.04.12' --with-bugurl=file:///usr/share/doc/gcc-5/README.Bugs --enable-languages=c,ada,c++,java,go,d,fortran,objc,obj-c++ --prefix=/usr --program-suffix=-5 --enable-shared --enable-linker-build-id --libexecdir=/usr/lib --without-included-gettext --enable-threads=posix --libdir=/usr/lib --enable-nls --with-sysroot=/ --enable-clocale=gnu --enable-libstdcxx-debug --enable-libstdcxx-time=yes --with-default-libstdcxx-abi=new --enable-gnu-unique-object --disable-vtable-verify --enable-libmpx --enable-plugin --with-system-zlib --disable-browser-plugin --enable-java-awt=gtk --enable-gtk-cairo --with-java-home=/usr/lib/jvm/java-1.5.0-gcj-5-amd64/jre --enable-java-home --with-jvm-root-dir=/usr/lib/jvm/java-1.5.0-gcj-5-amd64 --with-jvm-jar-dir=/usr/lib/jvm-exports/java-1.5.0-gcj-5-amd64 --with-arch-directory=amd64 --with-ecj-jar=/usr/share/java/eclipse-ecj.jar --enable-objc-gc --enable-multiarch --disable-werror --with-arch-32=i686 --with-abi=m64 --with-multilib-list=m32,m64,mx32 --enable-multilib --with-tune=generic --enable-checking=release --build=x86_64-linux-gnu --host=x86_64-linux-gnu --target=x86_64-linux-gnu
Thread model: posix
gcc version 5.4.0 20160609 (Ubuntu 5.4.0-6ubuntu1~16.04.12) 
configure:4094: $? = 0
configure:4083: gcc -V >&5
gcc: error: unrecognized command line option '-V'
gcc: fatal error: no input files
compilation terminated.
configure:4094: $? = 1
configure:4083: gcc -qversion >&5
gcc: error: unrecognized command line option '-qversion'
gcc: fatal error: no input files
compilation terminated.
configure:4094: $? = 1
configure:4098: checking whether we are using the GNU C compiler
configure:4126: result: yes
configure:4135: checking whether gcc accepts -g
configure:4196: result: yes
configure:4213: checking for gcc option to accept ISO C89
configure:4289: result: none needed
configure:4324: checking for gfortran
configure:4340: found /usr/bin/gfortran
configure:4351: result: gfortran
configure:4396: checking for ar
configure:4412: found /usr/bin/ar
configure:4424: result: ar
configure:4481: checking for ranlib
configure:4497: found /usr/bin/ranlib
configure:4508: result: ranlib
configure:4534: checking for stdlib.h
configure:4534: result: yes
configure:4534: checking for string.h
configure:4534: result: yes
configure:4534: checking math.h usability
configure:4534: gcc -c -g -O2  conftest.c >&5
configure:4534: $? = 0
configure:4534: result: yes
configure:4534: checking math.h presence
configure:4534: gcc -E  conftest.c
configure:4534: $? = 0
configure:4534: result: yes
configure:4534: checking for math.h
configure:4534: result: yes
configure:4534: checking limits.h usability
configure:4534: gcc -c -g -O2  conftest.c >&5
configure:4534: $? = 0
configure:4534: result: yes
configure:4534: checking limits.h presence
configure:4534: gcc -E  conftest.c
configure:4534: $? = 0
configure:4534: result: yes
configure:4534: checking for limits.h
configure:4534: result: yes
configure:4557: gcc -c -g -O2  conftest.c >&5
configure:4557: $? = 0
configure:4897: checking for curl-config
configure:4927: result: no
configure:4955: WARNING: curl-config not found. Disabling curl support.
configure:4966: checking for inflateEnd in -lz
configure:4991: gcc -o conftest -g -O2 -Dg77Fortran -fPIC  -g -O2 conftest.c -lz   >&5
configure:4991: $? = 0
configure:5000: result: yes
configure:5031: checking whether ftruncate works
configure:5047: gcc -o conftest -g -O2 -Dg77Fortran -fPIC  -g -O2 conftest.c -lz  >&5
conftest.c: In function 'main':
conftest.c:32:1: warning: ignoring return value of 'ftruncate', declared with attribute warn_unused_result [-Wunused-result]
 ftruncate(0, 0);
 ^
configure:5047: $? = 0
configure:5051: result: yes
configure:5065: checking whether long long is defined
configure:5081: gcc -c -g -O2 -Dg77Fortran -fPIC  conftest.c >&5
configure:5081: $? = 0
configure:5085: result: yes
configure:5106: checking whether system V style IPC services are supported
configure:5127: gcc -o conftest -g -O2 -Dg77Fortran -fPIC  -g -O2 conftest.c -lz  >&5
configure:5127: $? = 0
configure:5132: result: yes
configure:5148: checking whether flock_t is defined in sys/fcntl.h
configure:5164: gcc -c -g -O2 -Dg77Fortran -fPIC  conftest.c >&5
conftest.c: In function 'main':
conftest.c:35:1: error: unknown type name 'flock_t'
 flock_t filler;
 ^
configure:5164: $? = 1
configure: failed program was:
| /* confdefs.h */
| #define PACKAGE_NAME ""
| #define PACKAGE_TARNAME ""
| #define PACKAGE_VERSION ""
| #define PACKAGE_STRING ""
| #define PACKAGE_BUGREPORT ""
| #define PACKAGE_URL ""
| #define STDC_HEADERS 1
| #define HAVE_SYS_TYPES_H 1
| #define HAVE_SYS_STAT_H 1
| #define HAVE_STDLIB_H 1
| #define HAVE_STRING_H 1
| #define HAVE_MEMORY_H 1
| #define HAVE_STRINGS_H 1
| #define HAVE_INTTYPES_H 1
| #define HAVE_STDINT_H 1
| #define HAVE_UNISTD_H 1
| #define HAVE_STDLIB_H 1
| #define HAVE_STRING_H 1
| #define HAVE_MATH_H 1
| #define HAVE_LIMITS_H 1
| #define _LARGEFILE_SOURCE 1
| #define _FILE_OFFSET_BITS 64
| #define HAVE_LIBZ 1
| #define HAVE_FTRUNCATE 1
| #define HAVE_LONGLONG 1
| #define HAVE_SHMEM_SERVICES 1
| /* end confdefs.h.  */
| #include <sys/fcntl.h>
| 
| int
| main ()
| {
| 
| flock_t filler;
| 
|   ;
|   return 0;
| }
configure:5172: result: no
configure:5178: checking whether flock_t is defined in sys/flock.h
configure:5194: gcc -c -g -O2 -Dg77Fortran -fPIC  conftest.c >&5
conftest.c:29:23: fatal error: sys/flock.h: No such file or directory
compilation terminated.
configure:5194: $? = 1
configure: failed program was:
| /* confdefs.h */
| #define PACKAGE_NAME ""
| #define PACKAGE_TARNAME ""
| #define PACKAGE_VERSION ""
| #define PACKAGE_STRING ""
| #define PACKAGE_BUGREPORT ""
| #define PACKAGE_URL ""
| #define STDC_HEADERS 1
| #define HAVE_SYS_TYPES_H 1
| #define HAVE_SYS_STAT_H 1
| #define HAVE_STDLIB_H 1
| #define HAVE_STRING_H 1
| #define HAVE_MEMORY_H 1
| #define HAVE_STRINGS_H 1
| #define HAVE_INTTYPES_H 1
| #define HAVE_STDINT_H 1
| #define HAVE_UNISTD_H 1
| #define HAVE_STDLIB_H 1
| #define HAVE_STRING_H 1
| #define HAVE_MATH_H 1
| #define HAVE_LIMITS_H 1
| #define _LARGEFILE_SOURCE 1
| #define _FILE_OFFSET_BITS 64
| #define HAVE_LIBZ 1
| #define HAVE_FTRUNCATE 1
| #define HAVE_LONGLONG 1
| #define HAVE_SHMEM_SERVICES 1
| /* end confdefs.h.  */
| #include <sys/flock.h>
| 
| int
| main ()
| {
| 
|    flock_t filler;
| 
|   ;
|   return 0;
| }
configure:5202: result: no
configure:5270: checking whether union semun is defined
configure:5288: gcc -c -g -O2 -Dg77Fortran -fPIC  conftest.c >&5
conftest.c: In function 'main':
conftest.c:37:13: error: storage size of 'filler' isn't known
 union semun filler;
             ^
configure:5288: $? = 1
configure: failed program was:
| /* confdefs.h */
| #define PACKAGE_NAME ""
| #define PACKAGE_TARNAME ""
| #define PACKAGE_VERSION ""
| #define PACKAGE_STRING ""
| #define PACKAGE_BUGREPORT ""
| #define PACKAGE_URL ""
| #define STDC_HEADERS 1
| #define HAVE_SYS_TYPES_H 1
| #define HAVE_SYS_STAT_H 1
| #define HAVE_STDLIB_H 1
| #define HAVE_STRING_H 1
| #define HAVE_MEMORY_H 1
| #define HAVE_STRINGS_H 1
| #define HAVE_INTTYPES_H 1
| #define HAVE_STDINT_H 1
| #define HAVE_UNISTD_H 1
| #define HAVE_STDLIB_H 1
| #define HAVE_STRING_H 1
| #define HAVE_MATH_H 1
| #define HAVE_LIMITS_H 1
| #define _LARGEFILE_SOURCE 1
| #define _FILE_OFFSET_BITS 64
| #define HAVE_LIBZ 1
| #define HAVE_FTRUNCATE 1
| #define HAVE_LONGLONG 1
| #define HAVE_SHMEM_SERVICES 1
| /* end confdefs.h.  */
| #include <sys/ipc.h>
| #include <sys/shm.h>
| #include <sys/sem.h>
| 
| int
| main ()
| {
| 
| union semun filler;
| 
|   ;
|   return 0;
| }
configure:5296: result: no
configure:5305: checking for fmemopen
configure:5305: gcc -o conftest -g -O2 -Dg77Fortran -fPIC  -g -O2 conftest.c -lz  >&5
configure:5305: $? = 0
configure:5305: result: yes
configure:5318: checking for library containing gethostbyname
configure:5349: gcc -o conftest -g -O2 -Dg77Fortran -fPIC  -g -O2 conftest.c -lz  >&5
configure:5349: $? = 0
configure:5366: result: none required
configure:5376: checking for library containing connect
configure:5407: gcc -o conftest -g -O2 -Dg77Fortran -fPIC  -g -O2 conftest.c -lz  >&5
configure:5407: $? = 0
configure:5424: result: none required
configure:5594: creating ./config.status

## ---------------------- ##
## Running config.status. ##
## ---------------------- ##

This file was extended by config.status, which was
generated by GNU Autoconf 2.69.  Invocation command line was

  CONFIG_FILES    = 
  CONFIG_HEADERS  = 
  CONFIG_LINKS    = 
  CONFIG_COMMANDS = 
  $ ./config.status 

on ubuntu

config.status:759: creating Makefile
configure:6595: WARNING: unrecognized options: --enable-static
configure:6751: creating ./config.status

## ---------------------- ##
## Running config.status. ##
## ---------------------- ##

This file was extended by config.status, which was
generated by GNU Autoconf 2.69.  Invocation command line was

  CONFIG_FILES    = 
  CONFIG_HEADERS  = 
  CONFIG_LINKS    = 
  CONFIG_COMMANDS = 
  $ ./config.status 

on ubuntu

config.status:760: creating Makefile
config.status:760: creating cfitsio.pc
configure:7753: WARNING: unrecognized options: --enable-static
configure:7759: result: 
configure:7761: result:     Congratulations, Makefile update was successful.
configure:7763: result:     You may want to run "make" now.
configure:7765: result: 

## ---------------- ##
## Cache variables. ##
## ---------------- ##

ac_cv_build=x86_64-pc-linux-gnu
ac_cv_c_compiler_gnu=yes
ac_cv_env_CC_set=
ac_cv_env_CC_value=
ac_cv_env_CFLAGS_set=
ac_cv_env_CFLAGS_value=
ac_cv_env_CPPFLAGS_set=
ac_cv_env_CPPFLAGS_value=
ac_cv_env_CPP_set=
ac_cv_env_CPP_value=
ac_cv_env_LDFLAGS_set=
ac_cv_env_LDFLAGS_value=
ac_cv_env_LIBS_set=
ac_cv_env_LIBS_value=
ac_cv_env_build_alias_set=
ac_cv_env_build_alias_value=
ac_cv_env_host_alias_set=
ac_cv_env_host_alias_value=
ac_cv_env_target_alias_set=
ac_cv_env_target_alias_value=
ac_cv_func_fmemopen=yes
ac_cv_header_inttypes_h=yes
ac_cv_header_limits_h=yes
ac_cv_header_math_h=yes
ac_cv_header_memory_h=yes
ac_cv_header_stdc=yes
ac_cv_header_stdint_h=yes
ac_cv_header_stdlib_h=yes
ac_cv_header_string_h=yes
ac_cv_header_strings_h=yes
ac_cv_header_sys_stat_h=yes
ac_cv_header_sys_types_h=yes
ac_cv_header_unistd_h=yes
ac_cv_host=x86_64-pc-linux-gnu
ac_cv_lib_z_inflateEnd=yes
ac_cv_objext=o
ac_cv_path_EGREP='/bin/grep -E'
ac_cv_path_GREP=/bin/grep
ac_cv_prog_AR=ar
ac_cv_prog_CPP='gcc -E'
ac_cv_prog_FC=gfortran
ac_cv_prog_ac_ct_CC=gcc
ac_cv_prog_ac_ct_RANLIB=ranlib
ac_cv_prog_cc_c89=
ac_cv_prog_cc_g=yes
ac_cv_search_connect='none required'
ac_cv_search_gethostbyname='none required'
ac_cv_target=x86_64-pc-linux-gnu

## ----------------- ##
## Output variables. ##
## ----------------- ##

AR='ar'
ARCH='linux'
ARCHIVE='ar rv'
CC='gcc'
CFITSIO_MAJOR='4'
CFITSIO_MICRO='0'
CFITSIO_MINOR='0'
CFITSIO_SHLIB='lib${PACKAGE}${SHLIB_SUFFIX}.${CFITSIO_SONAME}.${CFITSIO_MAJOR}.${CFITSIO_MINOR}.${CFITSIO_MICRO}'
CFITSIO_SHLIB_SONAME='lib${PACKAGE}${SHLIB_SUFFIX}.${CFITSIO_SONAME}'
CFITSIO_SONAME='9'
CFLAGS='-g -O2 -Dg77Fortran -fPIC'
CPP='gcc -E'
CPPFLAGS=''
CURLCONFIG=''
DEFS='-DPACKAGE_NAME=\"\" -DPACKAGE_TARNAME=\"\" -DPACKAGE_VERSION=\"\" -DPACKAGE_STRING=\"\" -DPACKAGE_BUGREPORT=\"\" -DPACKAGE_URL=\"\" -DSTDC_HEADERS=1 -DHAVE_SYS_TYPES_H=1 -DHAVE_SYS_STAT_H=1 -DHAVE_STDLIB_H=1 -DHAVE_STRING_H=1 -DHAVE_MEMORY_H=1 -DHAVE_STRINGS_H=1 -DHAVE_INTTYPES_H=1 -DHAVE_STDINT_H=1 -DHAVE_UNISTD_H=1 -DHAVE_STDLIB_H=1 -DHAVE_STRING_H=1 -DHAVE_MATH_H=1 -DHAVE_LIMITS_H=1 -D_LARGEFILE_SOURCE=1 -D_FILE_OFFSET_BITS=64 -DHAVE_LIBZ=1 -DHAVE_FTRUNCATE=1 -DHAVE_LONGLONG=1 -DHAVE_SHMEM_SERVICES=1 -DHAVE_FMEMOPEN=1 -DHAVE_NET_SERVICES=1'
ECHO_C=''
ECHO_N='-n'
ECHO_T=''
EGREP='/bin/grep -E'
EXEEXT=''
F77_WRAPPERS='${FITSIO_SRC}'
FC='gfortran'
GCCVERSION='5.4.0'
GREP='/bin/grep'
GSIFTP_SRC=''
INSTALL_ROOT='${prefix}'
LDFLAGS='-g -O2'
LDFLAGS_BIN='-g -O2 -Wl,-rpath,${CFITSIO_LIB}'
LIBOBJS=''
LIBPRE=''
LIBS='-lz '
LIBS_CURL=''
LTLIBOBJS=''
OBJEXT='o'
PACKAGE_BUGREPORT=''
PACKAGE_NAME=''
PACKAGE_STRING=''
PACKAGE_TARNAME=''
PACKAGE_URL=''
PACKAGE_VERSION=''
PATH_SEPARATOR=':'
RANLIB='ranlib'
SHELL='/bin/bash'
SHLIB_LD='gcc -shared -Wl,-soname,lib${PACKAGE}${SHLIB_SUFFIX}.${CFITSIO_SONAME}'
SHLIB_SUFFIX='.so'
SSE_FLAGS=''
ac_ct_CC='gcc'
bindir='${exec_prefix}/bin'
build='x86_64-pc-linux-gnu'
build_alias=''
build_cpu='x86_64'
build_os='linux-gnu'
build_vendor='pc'
datadir='${datarootdir}'
datarootdir='${prefix}/share'
docdir='${datarootdir}/doc/${PACKAGE}'
dvidir='${docdir}'
exec_prefix='${prefix}'
host='x86_64-pc-linux-gnu'
host_alias=''
host_cpu='x86_64'
host_os='linux-gnu'
host_vendor='pc'
htmldir='${docdir}'
includedir='${prefix}/include'
infodir='${datarootdir}/info'
libdir='${exec_prefix}/lib'
libexecdir='${exec_prefix}/libexec'
localedir='${datarootdir}/locale'
localstatedir='${prefix}/var'
mandir='${datarootdir}/man'
my_shmem='${SOURCES_SHMEM}'
oldincludedir='/usr/include'
pdfdir='${docdir}'
prefix='/usr/local'
program_transform_name='s,x,x,'
psdir='${docdir}'
sbindir='${exec_prefix}/sbin'
sharedstatedir='${prefix}/com'
sysconfdir='${prefix}/etc'
target='x86_64-pc-linux-gnu'
target_alias=''
target_cpu='x86_64'
target_os='linux-gnu'
target_vendor='pc'

## ----------- ##
## confdefs.h. ##
## ----------- ##

/* confdefs.h */
#define PACKAGE_NAME ""
#define PACKAGE_TARNAME ""
#define PACKAGE_VERSION ""
#define PACKAGE_STRING ""
#define PACKAGE_BUGREPORT ""
#define PACKAGE_URL ""
#define STDC_HEADERS 1
#define HAVE_SYS_TYPES_H 1
#define HAVE_SYS_STAT_H 1
#define HAVE_STDLIB_H 1
#define HAVE_STRING_H 1
#define HAVE_MEMORY_H 1
#define HAVE_STRINGS_H 1
#define HAVE_INTTYPES_H 1
#define HAVE_STDINT_H 1
#define HAVE_UNISTD_H 1
#define HAVE_STDLIB_H 1
#define HAVE_STRING_H 1
#define HAVE_MATH_H 1
#define HAVE_LIMITS_H 1
#define _LARGEFILE_SOURCE 1
#define _FILE_OFFSET_BITS 64
#define HAVE_LIBZ 1
#define HAVE_FTRUNCATE 1
#define HAVE_LONGLONG 1
#define HAVE_SHMEM_SERVICES 1
#define HAVE_FMEMOPEN 1
#define HAVE_NET_SERVICES 1

configure: exit 0
